0 info it worked if it ends with ok
1 verbose cli [ '/Users/roman/.ndenv/versions/v4.1.1/bin/node',
1 verbose cli   '/Users/roman/.ndenv/versions/v4.1.1/bin/npm',
1 verbose cli   'run',
1 verbose cli   'build' ]
2 info using npm@3.4.1
3 info using node@v4.1.1
4 verbose run-script [ 'prebuild', 'build', 'postbuild' ]
5 info lifecycle electron-quick-start@1.0.0~prebuild: electron-quick-start@1.0.0
6 silly lifecycle electron-quick-start@1.0.0~prebuild: no script for prebuild, continuing
7 info lifecycle electron-quick-start@1.0.0~build: electron-quick-start@1.0.0
8 verbose lifecycle electron-quick-start@1.0.0~build: unsafe-perm in lifecycle true
9 verbose lifecycle electron-quick-start@1.0.0~build: PATH: /Users/roman/.ndenv/versions/v4.1.1/lib/node_modules/npm/bin/node-gyp-bin:/Users/roman/workspace/electron-quick-start/node_modules/.bin:/Users/roman/.ndenv/versions/v4.1.1/bin:/Users/roman/.ndenv/libexec:/Users/roman/.ndenv/plugins/node-build/bin:/Users/roman/.ndenv/shims:/Users/roman/.ndenv/bin:/usr/local/bin:/usr/bin:/bin:/usr/sbin:/sbin
10 verbose lifecycle electron-quick-start@1.0.0~build: CWD: /Users/roman/workspace/electron-quick-start
11 silly lifecycle electron-quick-start@1.0.0~build: Args: [ '-c',
11 silly lifecycle   'webpack --config webpack.config.production.js && electron-packager . HackerNews --platform=darwin --arch=all --overwrite' ]
12 silly lifecycle electron-quick-start@1.0.0~build: Returned: code: 1  signal: null
13 info lifecycle electron-quick-start@1.0.0~build: Failed to exec build script
14 verbose stack Error: electron-quick-start@1.0.0 build: `webpack --config webpack.config.production.js && electron-packager . HackerNews --platform=darwin --arch=all --overwrite`
14 verbose stack Exit status 1
14 verbose stack     at EventEmitter.<anonymous> (/Users/roman/.ndenv/versions/v4.1.1/lib/node_modules/npm/lib/utils/lifecycle.js:232:16)
14 verbose stack     at emitTwo (events.js:87:13)
14 verbose stack     at EventEmitter.emit (events.js:172:7)
14 verbose stack     at ChildProcess.<anonymous> (/Users/roman/.ndenv/versions/v4.1.1/lib/node_modules/npm/lib/utils/spawn.js:24:14)
14 verbose stack     at emitTwo (events.js:87:13)
14 verbose stack     at ChildProcess.emit (events.js:172:7)
14 verbose stack     at maybeClose (internal/child_process.js:817:16)
14 verbose stack     at Process.ChildProcess._handle.onexit (internal/child_process.js:211:5)
15 verbose pkgid electron-quick-start@1.0.0
16 verbose cwd /Users/roman/workspace/electron-quick-start
17 error Darwin 15.4.0
18 error argv "/Users/roman/.ndenv/versions/v4.1.1/bin/node" "/Users/roman/.ndenv/versions/v4.1.1/bin/npm" "run" "build"
19 error node v4.1.1
20 error npm  v3.4.1
21 error code ELIFECYCLE
22 error electron-quick-start@1.0.0 build: `webpack --config webpack.config.production.js && electron-packager . HackerNews --platform=darwin --arch=all --overwrite`
22 error Exit status 1
23 error Failed at the electron-quick-start@1.0.0 build script 'webpack --config webpack.config.production.js && electron-packager . HackerNews --platform=darwin --arch=all --overwrite'.
23 error Make sure you have the latest version of node.js and npm installed.
23 error If you do, this is most likely a problem with the electron-quick-start package,
23 error not with npm itself.
23 error Tell the author that this fails on your system:
23 error     webpack --config webpack.config.production.js && electron-packager . HackerNews --platform=darwin --arch=all --overwrite
23 error You can get their info via:
23 error     npm owner ls electron-quick-start
23 error There is likely additional logging output above.
24 verbose exit [ 1, true ]
